#-----------------------------------------------------------
# Vivado v2024.2 (64-bit)
# SW Build 5239630 on Fri Nov 08 22:35:27 MST 2024
# IP Build 5239520 on Sun Nov 10 16:12:51 MST 2024
# SharedData Build 5239561 on Fri Nov 08 14:39:27 MST 2024
# Start of session at: Sun Jul 20 13:57:23 2025
# Process ID         : 29132
# Current directory  : C:/Users/charm/Downloads/3211/comparch
# Command line       : vivado.exe -gui_launcher_event rodinguilauncherevent17064 C:\Users\charm\Downloads\3211\comparch\proj.xpr
# Log file           : C:/Users/charm/Downloads/3211/comparch/vivado.log
# Journal file       : C:/Users/charm/Downloads/3211/comparch\vivado.jou
# Running On         : LAPTOP-BHOAUKOF
# Platform           : Windows Server 2016 or Windows 10
# Operating System   : 19045
# Processor Detail   : Intel(R) Core(TM) i7-10750H CPU @ 2.60GHz
# CPU Frequency      : 2592 MHz
# CPU Physical cores : 6
# CPU Logical cores  : 12
# Host memory        : 17041 MB
# Swap memory        : 7285 MB
# Total Virtual      : 24326 MB
# Available Virtual  : 6976 MB
#-----------------------------------------------------------
start_gui
open_project C:/Users/charm/Downloads/3211/comparch/proj.xpr
INFO: [Project 1-313] Project file moved from '/media/sk/Common/comp3211/proj' since last save.
INFO: [filemgmt 56-3] Default IP Output Path : Could not find the directory 'C:/Users/charm/Downloads/3211/comparch/proj.gen/sources_1'.
WARNING: [filemgmt 56-3] IPUserFilesDir: Could not find the directory 'C:/Users/charm/Downloads/3211/comparch/proj.ip_user_files'.
Scanning sources...
Finished scanning sources
INFO: [Project 1-230] Project 'proj.xpr' upgraded for this version of Vivado.
INFO: [IP_Flow 19-234] Refreshing IP repositories
INFO: [IP_Flow 19-1704] No user IP repositories specified
INFO: [IP_Flow 19-2313] Loaded Vivado IP repository 'D:/Vivado/Vivado/2024.2/data/ip'.
update_compile_order -fileset sources_1
exit
INFO: [Common 17-206] Exiting Vivado at Sun Jul 20 13:59:43 2025...
